
ROM used:   4406/8192 (54%)
            5556/8192 (68%) including unused fragments

            2.3 Average locations per line
            5.6 Average locations per statement

RAM used:   123/368 (33%) at main() level
            238/368 (65%) worst case

Stack used: 8 worst case (7 in main + 1 for interrupts)
Stack size: 8

Lines Stmts  %   Files
----- ----- ---  -----
  220   155  20  serial.c
  168    42   5  config.c
  674     0   0  ..\..\..\..\..\..\..\..\Program Files (x86)\PICC\Devices\16F877A.h
  165    72   9  mod_lcd.c
   56   123  16  kbd_ext_board2.c
   87    23   3  2401.c
  349   242  31  funcoesEeprom.c
  185   128  16  ultilidades.c
----- -----
 1904   785 Total

Page ROM  %  RAM    Vol Diff  Functions:
---- --- --- ---    --- ----  ----------
0     20   0    1             @delay_ms1
0      8   0    0             @const598
0     55   1    1    260  1.9  lcd_envia_nibble
0     41   1    3    176  2.7  lcd_envia_byte
0     85   2    2    433  4.3  lcd_ini
 Inline         4    186  5.5  lcd_pos_xy
0     67   2    1    290  4.1  lcd_escreve
 Inline         4   3601  6.4  tc_tecla
 Inline         3             @I2C_READ_1
0     94   2    1             @I2C_WRITE_1
0     13   0    0     32  1.0  init_ext_eeprom
0     80   2    1     84  2.4  ext_eeprom_ready
0     82   2    2    134  2.8  write_ext_eeprom
0    214   5    2    209  3.1  read_ext_eeprom
0     27   1    0             @const681
0     89   2    2   1099  5.8  RDA_isr
 Inline        55    417  4.7  saveDataBaseOnEeprom
0      7   0    0             @const704
0     80   2    4             @PSTRINGC7_613
0      7   0    0             @const712
 Inline         3    897  9.0  handleDeleteUserOnEeprom
0     10   0    0             @const714
0      7   0    0             @const716
0      8   0    0             @const717
 Inline         3    867  9.0  handleEditUser
0      9   0    0             @const720
0      7   0    0             @const722
0      8   0    0             @const723
 Inline         3    519  6.0  telaEdicao
0      9   0    0             @const725
0      5   0    0             @const729
 Inline         3    194  5.2  getIdADMOnEeprom
 Inline         3    194  5.2  getPinADMOnEeprom
0    152   3    4    669  6.4  saveSignInEeprom
0      7   0    0             @const734
0      5   0    0    299  4.9  @const738
0      7   0    0             @const739
0     10   0    0             @const740
 Inline         2    199  4.3  searchFreePositionEeprom
 Inline         3    529  5.7  deleteUserEeprom
0     10   0    0    255  4.0  @const743
0      6   0    0    971  9.0  @const746
0      7   0    0             @const747
0     10   0    0             @const748
0      7   0    0             @const749
 Inline         2    173  3.8  deleteUserOnEeprom
0      6   0    0             @const751
 Inline         2    433  4.6  editUserEeprom
0      9   0    0             @const753
0      7   0    0             @const754
0      7   0    0             @const755
0      8   0    0             @const756
0      7   0    0    560  8.7  @const757
 Inline         5    540  8.5  checkDoubleIDEeprom
1     88   2    5    540  8.5  checkExistIDOnEeprom
0     86   2    6    566  8.7  checkByPc
1    731  17    1    255  4.0  saveCharPressByUser
0    210   5    3    971  9.0  handeInputsIDByUser
0      7   0    0             @const771
0      9   0    0    364  4.7  @const773
0      7   0    0             @const774
0      7   0    0             @const775
0    113   3    3    624  7.9  handleSavePinOnRam
0      4   0    0             @const778
0     10   0    0             @const779
0      4   0    0             @const780
 Inline         6    560  8.7  checkId
 Inline         5    466  7.2  checkPIN
0     16   0    3    104  3.3  clearRAM
0     23   1    3    139  3.7  deleteIDonRAM
0      7   0    0    519  6.0  @const792
 Inline         3    139  3.7  deletePINonRAM
0      7   0    0             @const794
2   1460  33    9   1117  8.1  MAIN
0      7   0    0    194  5.2  @const805
0      9   0    0    194  5.2  @const807
 Inline         1    511  4.6  home
0      8   0    0             @const809
0     10   0    0             @const810
0     10   0    0             @const811
0      8   0    0             @const812
 Inline         5   1990 10.4  menu
0      9   0    0    529  5.7  @const814
0      9   0    0             @const815
0      8   0    0             @const817
0      6   0    0             @const818
0     10   0    0             @const819
1     39   1    2    173  3.8  @MUL88
1     59   1    2             @PSTRINGC_613
0     12   0    0    433  4.6  @const828
0     11   0    0             @const829
0     11   0    0             @const830
 Inline         2    299  4.9  handleVerifySignInAdm
0      5   0    0             @const833
0      8   0    0    540  8.5  @const834
 Inline         4    174  3.3  signIn
 Inline         0             @cinit1

Program metrics:
    Functions               50
    Statements              785
    Comments                260
    Volume (V)              48461
    Difficulty (D)          274.1
    Effort to implement (E) 13284023
    Time to implement (T)   205 hours, 0 minutes
    Est Delivered Bugs (B)  19
    Cyclomatic Complexity   165
    Maintainability (MI)    71

 Segment     Used  Free
-----------  ----  ----
00000-00003     4  0  
00004-00050    77  0  
00051-007FF  1948  19  
00800-00FFF   917  1131  
01000-017FF  1460  588  
01800-01FFF     0  2048  



